

times in msec
 clock   self+sourced   self:  sourced script
 clock   elapsed:              other lines

000.006  000.006: --- NVIM STARTING ---
000.085  000.079: event init
000.134  000.049: early init
000.164  000.030: locale set
000.187  000.023: init first window
000.358  000.170: inits 1
000.369  000.011: window checked
000.399  000.030: parsing arguments
000.712  000.036  000.036: require('vim.shared')
000.795  000.032  000.032: require('vim._options')
000.797  000.082  000.050: require('vim._editor')
000.797  000.148  000.031: require('vim._init_packages')
000.798  000.251: init lua interpreter
000.850  000.051: expanding arguments
000.873  000.024: inits 2
001.071  000.198: init highlight
001.072  000.001: waiting for UI
001.526  000.454: done waiting for UI
001.531  000.006: clear screen
001.632  000.101: init default mappings & autocommands
002.446  000.036  000.036: sourcing /squashfs-root/usr/share/nvim/runtime/ftplugin.vim
002.575  000.020  000.020: sourcing /squashfs-root/usr/share/nvim/runtime/indent.vim
002.706  000.004  000.004: require('vim.keymap')
002.735  000.062  000.058: require('Harris.remap')
002.829  000.094  000.094: require('Harris.set')
002.831  000.186  000.030: require('Harris')
002.832  000.198  000.012: sourcing /home/harris/.config/nvim/init.lua
002.836  000.950: sourcing vimrc file(s)
003.379  000.366  000.366: sourcing /squashfs-root/usr/share/nvim/runtime/filetype.lua
003.595  000.058  000.058: sourcing /squashfs-root/usr/share/nvim/runtime/syntax/synload.vim
003.689  000.265  000.208: sourcing /squashfs-root/usr/share/nvim/runtime/syntax/syntax.vim
004.579  000.117  000.117: sourcing /squashfs-root/usr/share/nvim/runtime/plugin/gzip.vim
004.602  000.007  000.007: sourcing /squashfs-root/usr/share/nvim/runtime/plugin/health.vim
005.009  000.134  000.134: sourcing /squashfs-root/usr/share/nvim/runtime/pack/dist/opt/matchit/plugin/matchit.vim
005.135  000.520  000.386: sourcing /squashfs-root/usr/share/nvim/runtime/plugin/matchit.vim
005.257  000.107  000.107: sourcing /squashfs-root/usr/share/nvim/runtime/plugin/matchparen.vim
005.528  000.257  000.257: sourcing /squashfs-root/usr/share/nvim/runtime/plugin/netrwPlugin.vim
005.661  000.007  000.007: sourcing /home/harris/.local/share/nvim/rplugin.vim
005.667  000.113  000.106: sourcing /squashfs-root/usr/share/nvim/runtime/plugin/rplugin.vim
005.736  000.051  000.051: sourcing /squashfs-root/usr/share/nvim/runtime/plugin/shada.vim
005.774  000.017  000.017: sourcing /squashfs-root/usr/share/nvim/runtime/plugin/spellfile.vim
005.881  000.082  000.082: sourcing /squashfs-root/usr/share/nvim/runtime/plugin/tarPlugin.vim
005.964  000.058  000.058: sourcing /squashfs-root/usr/share/nvim/runtime/plugin/tohtml.vim
005.997  000.013  000.013: sourcing /squashfs-root/usr/share/nvim/runtime/plugin/tutor.vim
006.126  000.111  000.111: sourcing /squashfs-root/usr/share/nvim/runtime/plugin/zipPlugin.vim
008.420  000.066  000.066: require('nvim-surround.input')
008.478  000.057  000.057: require('nvim-surround.functional')
008.484  000.523  000.401: require('nvim-surround.config')
008.487  000.687  000.163: require('nvim-surround.buffer')
008.545  000.058  000.058: require('nvim-surround.cache')
008.630  000.083  000.083: require('nvim-surround.utils')
008.633  002.020  001.193: require('nvim-surround')
009.329  000.105  000.105: require('obsidian.log')
009.332  000.318  000.213: require('obsidian')
010.013  000.226  000.226: require('plenary.bit')
010.122  000.107  000.107: require('plenary.functional')
010.143  000.012  000.012: require('ffi')
010.161  000.828  000.482: require('plenary.path')
010.504  000.087  000.087: require('obsidian.abc')
010.511  000.187  000.100: require('obsidian.workspace')
010.515  000.353  000.166: require('obsidian.config')
011.129  000.058  000.058: require('cmp.utils.debug')
011.411  000.141  000.141: require('cmp.utils.char')
011.428  000.297  000.156: require('cmp.utils.str')
011.796  000.122  000.122: require('cmp.utils.misc')
011.853  000.055  000.055: require('cmp.utils.buffer')
011.934  000.079  000.079: require('cmp.utils.api')
011.952  000.429  000.173: require('cmp.utils.keymap')
011.954  000.525  000.097: require('cmp.utils.feedkeys')
012.457  000.058  000.058: require('cmp.types.cmp')
012.572  000.114  000.114: require('cmp.types.lsp')
012.619  000.045  000.045: require('cmp.types.vim')
012.620  000.270  000.053: require('cmp.types')
012.623  000.388  000.118: require('cmp.config.mapping')
012.683  000.059  000.059: require('cmp.utils.cache')
012.909  000.144  000.144: require('cmp.config.compare')
012.911  000.226  000.082: require('cmp.config.default')
012.917  000.812  000.139: require('cmp.config')
012.925  000.970  000.158: require('cmp.utils.async')
013.126  000.068  000.068: require('cmp.utils.pattern')
013.128  000.202  000.134: require('cmp.context')
013.784  000.143  000.143: require('cmp.matcher')
013.788  000.470  000.327: require('cmp.entry')
013.793  000.664  000.194: require('cmp.source')
014.035  000.066  000.066: require('cmp.utils.event')
014.370  000.055  000.055: require('cmp.utils.options')
014.373  000.228  000.173: require('cmp.utils.window')
014.374  000.337  000.109: require('cmp.view.docs_view')
014.741  000.074  000.074: require('cmp.utils.autocmd')
014.747  000.372  000.298: require('cmp.view.custom_entries_view')
014.934  000.185  000.185: require('cmp.view.wildmenu_entries_view')
015.106  000.171  000.171: require('cmp.view.native_entries_view')
015.247  000.139  000.139: require('cmp.view.ghost_text_view')
015.257  001.463  000.193: require('cmp.view')
015.536  004.788  000.608: require('cmp.core')
015.661  000.059  000.059: require('cmp.config.sources')
015.722  000.059  000.059: require('cmp.config.window')
015.761  005.244  000.338: require('cmp')
016.299  000.103  000.103: require('obsidian.itertools')
016.310  000.467  000.364: require('obsidian.util')
016.311  000.548  000.081: require('obsidian.mappings')
016.424  000.017  000.017: require('vim.fs')
017.480  000.096  000.096: require('plenary.tbl')
017.483  000.256  000.160: require('plenary.vararg.rotate')
017.484  000.334  000.079: require('plenary.vararg')
017.570  000.085  000.085: require('plenary.errors')
017.574  000.638  000.218: require('plenary.async.async')
018.022  000.105  000.105: require('plenary.async.structs')
018.026  000.247  000.142: require('plenary.async.control')
018.030  000.370  000.123: require('plenary.async.util')
018.031  000.455  000.085: require('plenary.async.tests')
018.032  001.202  000.109: require('plenary.async')
018.343  000.095  000.095: require('plenary.context_manager')
018.820  000.101  000.101: require('obsidian.yaml.line')
018.828  000.373  000.272: require('obsidian.yaml.native')
018.905  000.076  000.076: require('obsidian.yaml.yq')
018.908  000.563  000.114: require('obsidian.yaml')
019.512  000.399  000.399: require('plenary.scandir')
020.020  000.288  000.288: require('plenary.job')
020.058  000.543  000.254: require('obsidian.async')
020.063  001.154  000.212: require('obsidian.search')
020.068  002.035  000.223: require('obsidian.note')
020.073  003.638  000.401: require('obsidian.client')
020.097  000.021  000.021: require('vim.inspect')
020.890  000.111  000.111: require('obsidian.templates')
020.911  000.696  000.585: require('obsidian.command')
021.224  000.097  000.097: require('obsidian.completion.refs')
021.229  000.302  000.205: require('cmp_obsidian')
021.375  000.134  000.134: require('cmp_obsidian_new')
021.584  000.095  000.095: require('obsidian.completion.tags')
021.589  000.204  000.109: require('cmp_obsidian_tags')
021.931  000.086  000.086: require('obsidian.collections')
021.938  000.323  000.237: require('obsidian.ui')
022.182  000.196  000.196: require('glow')
022.202  015.996  001.156: sourcing /home/harris/.config/nvim/plugin/packer_compiled.lua
022.440  000.029  000.029: sourcing /squashfs-root/usr/share/nvim/runtime/plugin/editorconfig.lua
022.494  000.037  000.037: sourcing /squashfs-root/usr/share/nvim/runtime/plugin/man.lua
022.538  000.029  000.029: sourcing /squashfs-root/usr/share/nvim/runtime/plugin/nvim.lua
022.550  001.538: loading rtp plugins
022.839  000.018  000.018: sourcing /home/harris/.local/share/nvim/site/pack/packer/start/LuaSnip/plugin/luasnip.vim
023.705  000.747  000.747: require('vim.filetype')
024.169  000.029  000.029: require('luasnip.util.types')
024.252  000.081  000.081: require('luasnip.util.ext_opts')
024.708  000.052  000.052: require('luasnip.session')
025.169  000.845  000.792: require('luasnip.util.util')
025.172  000.918  000.073: require('luasnip.extras.filetype_functions')
025.369  001.412  000.384: require('luasnip.config')
025.921  000.025  000.025: require('luasnip.nodes.key_indexer')
025.925  000.240  000.215: require('luasnip.nodes.util')
026.067  000.030  000.030: require('luasnip.session.snippet_collection.source')
026.071  000.145  000.115: require('luasnip.session.snippet_collection')
026.305  000.071  000.071: require('luasnip.util.select')
026.608  000.462  000.391: require('luasnip.util._builtin_vars')
026.638  000.565  000.103: require('luasnip.util.environ')
026.683  000.044  000.044: require('luasnip.util.extend_decorator')
026.796  000.033  000.033: require('luasnip.loaders._caches')
026.964  000.078  000.078: require('luasnip.util.path')
026.968  000.170  000.091: require('luasnip.loaders.util')
026.979  000.294  000.091: require('luasnip.loaders')
027.056  000.072  000.072: require('luasnip.util.log')
027.063  001.689  000.329: require('luasnip')
027.090  004.188  000.340: sourcing /home/harris/.local/share/nvim/site/pack/packer/start/LuaSnip/plugin/luasnip.lua
028.726  000.188  000.188: require('vim.lsp.log')
029.199  000.471  000.471: require('vim.lsp.protocol')
030.335  000.280  000.280: require('vim.lsp._snippet')
030.477  000.140  000.140: require('vim.highlight')
030.483  000.004  000.004: require('vim.F')
030.494  001.292  000.868: require('vim.lsp.util')
030.501  002.323  000.371: require('vim.lsp.handlers')
030.878  000.376  000.376: require('vim.lsp.rpc')
031.200  000.319  000.319: require('vim.lsp.sync')
031.526  000.324  000.324: require('vim.lsp.semantic_tokens')
031.893  000.366  000.366: require('vim.lsp.buf')
032.083  000.188  000.188: require('vim.lsp.diagnostic')
032.300  000.215  000.215: require('vim.lsp.codelens')
032.340  004.984  000.874: require('vim.lsp')
033.149  000.806  000.806: require('vim.diagnostic')
033.159  005.928  000.137: require('lsp-zero.setup')
033.160  005.941  000.013: sourcing /home/harris/.local/share/nvim/site/pack/packer/start/lsp-zero.nvim/plugin/lsp-zero.lua
033.443  000.069  000.069: require('cmp.utils.highlight')
033.635  000.313  000.244: sourcing /home/harris/.local/share/nvim/site/pack/packer/start/nvim-cmp/plugin/cmp.lua
034.089  000.234  000.234: require('vim.version')
035.046  001.296  001.063: sourcing /home/harris/.local/share/nvim/site/pack/packer/start/nvim-lspconfig/plugin/lspconfig.lua
035.868  000.145  000.145: require('nvim-treesitter.utils')
037.735  000.140  000.140: require('vim.treesitter.language')
037.744  000.484  000.343: require('vim.treesitter.query')
037.893  000.147  000.147: require('vim.treesitter._range')
037.898  001.106  000.475: require('vim.treesitter.languagetree')
037.904  001.354  000.248: require('vim.treesitter')
038.542  002.672  001.318: require('nvim-treesitter.parsers')
039.430  000.072  000.072: require('nvim-treesitter.compat')
039.758  000.212  000.212: require('nvim-treesitter.ts_utils')
039.764  000.332  000.120: require('nvim-treesitter.tsrange')
039.844  000.079  000.079: require('nvim-treesitter.caching')
039.856  000.724  000.241: require('nvim-treesitter.query')
039.866  001.120  000.396: require('nvim-treesitter.configs')
039.868  001.324  000.204: require('nvim-treesitter.info')
040.038  000.169  000.169: require('nvim-treesitter.shell_command_selectors')
040.051  004.736  000.426: require('nvim-treesitter.install')
040.151  000.098  000.098: require('nvim-treesitter.statusline')
040.346  000.193  000.193: require('nvim-treesitter.query_predicates')
040.348  005.107  000.080: require('nvim-treesitter')
040.576  005.364  000.257: sourcing /home/harris/.local/share/nvim/site/pack/packer/start/nvim-treesitter/plugin/nvim-treesitter.lua
040.733  000.080  000.080: require('rainbow')
040.766  000.122  000.042: sourcing /home/harris/.local/share/nvim/site/pack/packer/start/nvim-ts-rainbow/plugin/rainbow.vim
040.877  000.031  000.031: sourcing /home/harris/.local/share/nvim/site/pack/packer/start/nvim-web-devicons/plugin/nvim-web-devicons.vim
041.204  000.091  000.091: require('nvim-treesitter-playground')
041.319  000.243  000.151: sourcing /home/harris/.local/share/nvim/site/pack/packer/start/playground/plugin/nvim-treesitter-playground.lua
041.401  000.024  000.024: sourcing /home/harris/.local/share/nvim/site/pack/packer/start/plenary.nvim/plugin/plenary.vim
041.500  000.025  000.025: sourcing /home/harris/.local/share/nvim/site/pack/packer/start/prettier.nvim/plugin/prettier.vim
041.755  000.159  000.159: sourcing /home/harris/.local/share/nvim/site/pack/packer/start/telescope.nvim/plugin/telescope.lua
041.913  000.102  000.102: sourcing /home/harris/.local/share/nvim/site/pack/packer/start/undotree/plugin/undotree.vim
042.011  000.022  000.022: sourcing /home/harris/.local/share/nvim/site/pack/packer/start/vim-be-good/plugin/vim-be-good.vim
042.597  000.140  000.140: sourcing /home/harris/.local/share/nvim/site/pack/packer/start/vim-vsnip/autoload/vital/vsnip.vim
042.791  000.045  000.045: sourcing /home/harris/.local/share/nvim/site/pack/packer/start/vim-vsnip/autoload/vital/_vsnip/VS/LSP/Position.vim
042.900  000.012  000.012: sourcing /home/harris/.local/share/nvim/site/pack/packer/start/vim-vsnip/autoload/vital/_vsnip.vim
043.068  000.703  000.505: sourcing /home/harris/.local/share/nvim/site/pack/packer/start/vim-vsnip/autoload/vsnip/snippet.vim
043.271  000.068  000.068: sourcing /home/harris/.local/share/nvim/site/pack/packer/start/vim-vsnip/autoload/vital/_vsnip/VS/LSP/TextEdit.vim
043.473  000.038  000.038: sourcing /home/harris/.local/share/nvim/site/pack/packer/start/vim-vsnip/autoload/vital/_vsnip/VS/LSP/Text.vim
043.728  000.070  000.070: sourcing /home/harris/.local/share/nvim/site/pack/packer/start/vim-vsnip/autoload/vital/_vsnip/VS/Vim/Buffer.vim
043.945  000.032  000.032: sourcing /home/harris/.local/share/nvim/site/pack/packer/start/vim-vsnip/autoload/vital/_vsnip/VS/Vim/Option.vim
044.227  000.079  000.079: sourcing /home/harris/.local/share/nvim/site/pack/packer/start/vim-vsnip/autoload/vital/_vsnip/VS/LSP/Diff.vim
044.334  002.060  001.070: sourcing /home/harris/.local/share/nvim/site/pack/packer/start/vim-vsnip/autoload/vsnip/session.vim
044.446  002.264  000.205: sourcing /home/harris/.local/share/nvim/site/pack/packer/start/vim-vsnip/autoload/vsnip.vim
044.616  002.532  000.268: sourcing /home/harris/.local/share/nvim/site/pack/packer/start/vim-vsnip/plugin/vsnip.vim
044.730  000.033  000.033: sourcing /home/harris/.local/share/nvim/site/pack/packer/start/vim-vsnip-integ/plugin/vsnip_integ.vim
044.891  001.929: loading packages
045.139  000.013  000.013: sourcing /home/harris/.local/share/nvim/site/pack/packer/start/vim-vsnip-integ/autoload/vsnip_integ/integration.vim
045.313  000.024  000.024: sourcing /home/harris/.local/share/nvim/site/pack/packer/start/vim-vsnip-integ/autoload/vsnip_integ/detection.vim
045.656  000.693  000.656: sourcing /home/harris/.local/share/nvim/site/pack/packer/start/vim-vsnip-integ/after/plugin/vsnip_integ.vim
045.973  000.076  000.076: require('cmp_nvim_lsp.source')
045.975  000.161  000.085: require('cmp_nvim_lsp')
045.984  000.180  000.019: sourcing /home/harris/.local/share/nvim/site/pack/packer/start/cmp-nvim-lsp/after/plugin/cmp_nvim_lsp.lua
046.550  000.052  000.052: require('nvim-autopairs._log')
046.674  000.122  000.122: require('nvim-autopairs.utils')
047.031  000.156  000.156: require('nvim-autopairs.conds')
047.035  000.273  000.118: require('nvim-autopairs.rule')
047.037  000.361  000.088: require('nvim-autopairs.rules.basic')
047.042  000.835  000.300: require('nvim-autopairs')
047.414  000.081  000.081: require('nvim-autopairs.completion.handlers')
047.418  000.167  000.086: require('nvim-autopairs.completion.cmp')
047.424  001.231  000.229: sourcing /home/harris/.config/nvim/after/plugin/autopair.lua
052.121  004.635  004.635: sourcing /home/harris/.config/nvim/colors/vscode.vim
052.423  000.191  000.191: require('rainbow.internal')
052.438  004.988  000.161: sourcing /home/harris/.config/nvim/after/plugin/colors.lua
052.603  000.132  000.132: require('nvim_comment')
052.634  000.177  000.045: sourcing /home/harris/.config/nvim/after/plugin/comment.lua
053.118  000.073  000.073: require('harpoon.utils')
053.411  000.244  000.244: require('plenary.log')
053.459  000.339  000.095: require('harpoon.dev')
053.598  000.757  000.345: require('harpoon')
053.604  000.933  000.177: require('harpoon.mark')
054.320  000.172  000.172: require('plenary.strings')
054.323  000.357  000.185: require('plenary.window.border')
054.408  000.084  000.084: require('plenary.window')
054.493  000.083  000.083: require('plenary.popup.utils')
054.496  000.751  000.227: require('plenary.popup')
054.499  000.893  000.142: require('harpoon.ui')
054.518  001.866  000.039: sourcing /home/harris/.config/nvim/after/plugin/harpoon.lua
054.818  000.160  000.160: require('lsp-zero.server')
055.244  000.254  000.254: require('lspconfig.util')
055.331  000.085  000.085: require('lspconfig.async')
055.333  000.514  000.175: require('lspconfig.configs')
055.516  000.079  000.079: require('lsp-zero.cmp')
055.980  000.103  000.103: require('lsp-zero.api')
055.983  001.383  000.529: require('lsp-zero')
056.105  000.062  000.062: require('mason-core.path')
056.342  000.108  000.108: require('mason-core.functional')
056.480  000.044  000.044: require('mason-core.functional.data')
056.484  000.133  000.089: require('mason-core.functional.function')
056.542  000.050  000.050: require('mason-core.functional.relation')
056.628  000.082  000.082: require('mason-core.functional.logic')
056.636  000.529  000.156: require('mason-core.platform')
056.738  000.100  000.100: require('mason.settings')
056.740  000.755  000.063: require('mason')
057.171  000.181  000.181: require('mason-core.functional.list')
057.293  000.119  000.119: require('mason-core.functional.string')
057.317  000.512  000.212: require('mason.api.command')
057.423  000.102  000.102: require('mason-registry.sources')
057.764  000.191  000.191: require('mason-core.log')
057.862  000.082  000.082: require('mason-lspconfig.settings')
057.865  000.418  000.144: require('mason-lspconfig')
058.003  000.042  000.042: require('mason-lspconfig.notify')
058.006  000.133  000.092: require('mason-lspconfig.lspconfig_hook')
058.267  000.108  000.108: require('mason-core.functional.table')
058.323  000.316  000.208: require('mason-lspconfig.mappings.server')
058.560  000.069  000.069: require('mason-core.EventEmitter')
058.661  000.099  000.099: require('mason-core.optional')
058.970  000.173  000.173: require('mason-core.async')
059.018  000.044  000.044: require('mason-core.async.uv')
059.025  000.363  000.146: require('mason-core.fs')
059.037  000.712  000.182: require('mason-registry')
059.079  000.040  000.040: require('mason-lspconfig.server_config_extensions')
059.183  000.103  000.103: require('lspconfig.server_configurations.omnisharp')
059.327  000.062  000.062: require('mason-lspconfig.ensure_installed')
059.549  000.098  000.098: require('mason-core.result')
059.991  000.203  000.203: require('mason-core.process')
060.197  000.204  000.204: require('mason-core.spawn')
060.201  000.518  000.111: require('mason-core.managers.powershell')
060.248  000.046  000.046: require('mason.version')
060.250  000.699  000.136: require('mason-core.fetch')
060.320  000.069  000.069: require('mason-core.providers')
060.726  000.179  000.179: require('mason-core.purl')
060.734  000.359  000.179: require('mason-core.package')
061.215  000.094  000.094: require('mason-core.installer.registry.expr')
061.222  000.339  000.245: require('mason-core.installer.registry.link')
061.903  000.098  000.098: require('mason-core.receipt')
061.919  000.305  000.207: require('mason-core.installer.context')
062.017  000.096  000.096: require('mason-core.async.control')
062.127  000.109  000.109: require('mason-core.installer.linker')
062.144  000.692  000.182: require('mason-core.installer')
062.155  000.854  000.162: require('mason-core.installer.managers.std')
062.156  000.933  000.079: require('mason-core.installer.registry.schemas')
062.234  000.077  000.077: require('mason-core.installer.registry.util')
062.241  001.506  000.156: require('mason-core.installer.registry')
062.243  001.921  000.057: require('mason-registry.sources.util')
062.249  002.917  000.130: require('mason-registry.sources.github')
065.855  000.052  000.052: require('mason-core.functional.number')
065.870  000.193  000.140: require('mason-lspconfig.api.command')
065.991  000.077  000.077: require('lspconfig')
066.149  000.155  000.155: require('lspconfig.server_configurations.rust_analyzer')
066.977  000.184  000.184: require('lspconfig.manager')
067.118  000.134  000.134: require('lspconfig.server_configurations.denols')
067.518  000.130  000.130: require('lspconfig.server_configurations.jdtls')
067.838  000.074  000.074: require('lspconfig.server_configurations.tsserver')
068.237  000.090  000.090: require('lspconfig.server_configurations.lua_ls')
068.553  000.081  000.081: require('lspconfig.server_configurations.html')
068.859  000.078  000.078: require('lspconfig.server_configurations.cssls')
070.602  016.065  007.416: sourcing /home/harris/.config/nvim/after/plugin/lsp.lua
071.107  000.090  000.090: require('lualine_require')
071.311  000.644  000.554: require('lualine')
073.137  000.059  000.059: require('lualine.utils.mode')
076.224  005.592  004.889: sourcing /home/harris/.config/nvim/after/plugin/lualine.lua
076.780  000.242  000.242: require('null-ls.utils')
076.797  000.400  000.158: require('null-ls.config')
076.925  000.069  000.069: require('null-ls.helpers.cache')
077.148  000.222  000.222: require('null-ls.helpers.diagnostics')
077.205  000.055  000.055: require('null-ls.helpers.formatter_factory')
077.541  000.083  000.083: require('null-ls.logger')
077.650  000.107  000.107: require('null-ls.state')
077.654  000.447  000.258: require('null-ls.helpers.generator_factory')
077.865  000.102  000.102: require('null-ls.helpers.command_resolver')
077.867  000.212  000.110: require('null-ls.helpers.make_builtin')
077.954  000.086  000.086: require('null-ls.helpers.range_formatting_args_factory')
077.956  001.157  000.067: require('null-ls.helpers')
078.462  000.127  000.127: require('null-ls.methods')
078.467  000.289  000.162: require('null-ls.diagnostics')
078.477  000.520  000.231: require('null-ls.sources')
078.561  000.079  000.079: require('null-ls.builtins')
078.563  002.274  000.117: require('null-ls')
078.700  002.440  000.167: sourcing /home/harris/.config/nvim/after/plugin/nullls.lua
079.899  000.112  000.112: require('nvim-tree.notify')
079.908  000.233  000.121: require('nvim-tree.events')
080.303  000.103  000.103: require('nvim-tree.log')
080.718  000.093  000.093: require('nvim-tree.iterators.node-iterator')
080.741  000.436  000.343: require('nvim-tree.utils')
080.875  000.132  000.132: require('nvim-tree.git.utils')
081.396  000.519  000.519: require('nvim-tree.git.runner')
081.660  000.262  000.262: require('nvim-tree.watcher')
081.840  000.178  000.178: require('nvim-tree.explorer.node')
081.844  001.842  000.211: require('nvim-tree.git')
082.000  000.155  000.155: require('nvim-tree.explorer.watch')
082.274  000.117  000.117: require('nvim-tree.explorer.node-builders')
082.541  000.265  000.265: require('nvim-tree.explorer.sorters')
082.752  000.209  000.209: require('nvim-tree.explorer.filters')
083.632  000.619  000.619: require('nvim-tree.view')
083.646  000.892  000.273: require('nvim-tree.live-filter')
083.654  001.652  000.169: require('nvim-tree.explorer.explore')
083.909  000.254  000.254: require('nvim-tree.explorer.reload')
083.912  004.002  000.099: require('nvim-tree.explorer')
083.914  004.317  000.082: require('nvim-tree.core')
084.087  000.087  000.087: require('nvim-tree.modified')
084.091  000.176  000.090: require('nvim-tree.renderer.components.modified')
084.219  000.127  000.127: require('nvim-tree.renderer.components.padding')
084.336  000.104  000.104: require('nvim-tree.renderer.components.icons')
084.446  000.108  000.108: require('nvim-tree.renderer.components.full-name')
084.583  000.135  000.135: require('nvim-tree.renderer.components.git')
084.738  000.060  000.060: require('nvim-tree.enum')
084.740  000.155  000.095: require('nvim-tree.renderer.components.diagnostics')
085.189  000.077  000.077: require('nvim-tree.marks')
085.191  000.200  000.124: require('nvim-tree.renderer.components.bookmarks')
085.196  000.455  000.254: require('nvim-tree.renderer.builder')
085.205  005.737  000.159: require('nvim-tree.renderer')
085.208  005.915  000.178: require('nvim-tree.lib')
085.326  000.117  000.117: require('nvim-tree.colors')
085.758  000.095  000.095: require('nvim-tree.actions.finders.find-file')
085.762  000.176  000.081: require('nvim-tree.actions.tree.open')
085.845  000.081  000.081: require('nvim-tree.actions.tree.toggle')
085.937  000.090  000.090: require('nvim-tree.actions.reloaders.reloaders')
086.005  000.065  000.065: require('nvim-tree.actions.root.dir-up')
086.086  000.079  000.079: require('nvim-tree.actions.tree.find-file')
086.178  000.091  000.091: require('nvim-tree.actions.finders.search-node')
086.260  000.080  000.080: require('nvim-tree.actions.tree-modifiers.collapse-all')
086.353  000.092  000.092: require('nvim-tree.actions.tree-modifiers.expand-all')
086.428  000.073  000.073: require('nvim-tree.actions.tree-modifiers.toggles')
086.708  000.132  000.132: require('nvim-tree.keymap')
086.712  000.281  000.149: require('nvim-tree.help')
086.823  000.109  000.109: require('nvim-tree.actions.fs.create-file')
086.946  000.122  000.122: require('nvim-tree.actions.fs.remove-file')
087.063  000.115  000.115: require('nvim-tree.actions.fs.trash')
087.169  000.105  000.105: require('nvim-tree.actions.fs.rename-file')
087.366  000.193  000.193: require('nvim-tree.actions.fs.copy-paste')
087.464  000.093  000.093: require('nvim-tree.actions.node.file-popup')
087.531  000.065  000.065: require('nvim-tree.actions.node.run-command')
087.621  000.088  000.088: require('nvim-tree.actions.node.system-open')
087.699  000.077  000.077: require('nvim-tree.actions.moves.sibling')
087.776  000.074  000.074: require('nvim-tree.actions.moves.parent')
087.858  000.080  000.080: require('nvim-tree.actions.moves.item')
087.944  000.081  000.081: require('nvim-tree.marks.bulk-delete')
088.021  000.076  000.076: require('nvim-tree.marks.bulk-trash')
088.104  000.081  000.081: require('nvim-tree.marks.bulk-move')
088.397  000.199  000.199: require('nvim-tree.actions.node.open-file')
088.400  000.294  000.096: require('nvim-tree.marks.navigation')
088.403  002.977  000.216: require('nvim-tree.api')
088.406  003.078  000.101: require('nvim-tree.commands')
088.508  000.101  000.101: require('nvim-tree.actions.root.change-dir')
088.599  000.089  000.089: require('nvim-tree.legacy')
088.625  009.858  000.557: require('nvim-tree')
088.849  000.074  000.074: require('nvim-tree.actions')
089.103  000.128  000.128: require('nvim-tree.diagnostics')
089.862  000.428  000.428: require('nvim-web-devicons.icons-default')
089.905  000.721  000.293: require('nvim-web-devicons')
091.680  012.958  002.177: sourcing /home/harris/.config/nvim/after/plugin/nvimTree.lua
092.084  000.379  000.379: sourcing /home/harris/.config/nvim/after/plugin/obsidian.lua
092.486  000.119  000.119: require('prettier.utils')
092.540  000.306  000.187: require('prettier.options')
092.819  000.103  000.103: require('prettier.cli')
092.822  000.281  000.178: require('prettier.null-ls')
092.824  000.691  000.104: require('prettier')
093.238  000.153  000.153: require('null-ls.client')
093.249  001.143  000.299: sourcing /home/harris/.config/nvim/after/plugin/prettier.lua
093.492  000.207  000.207: require('telescope.builtin')
093.505  000.235  000.028: sourcing /home/harris/.config/nvim/after/plugin/telescope.lua
095.231  000.090  000.090: require('nvim-treesitter.highlight')
095.523  000.210  000.210: require('nvim-treesitter.indent')
095.586  002.062  001.763: sourcing /home/harris/.config/nvim/after/plugin/treesitter.lua
095.865  000.248  000.248: sourcing /home/harris/.config/nvim/after/plugin/tsRainbow.lua
095.906  000.019  000.019: sourcing /home/harris/.config/nvim/after/plugin/undotree.lua
095.912  000.745: loading after plugins
095.922  000.010: inits 3
097.110  001.188: reading ShaDa
099.026  000.715  000.715: require('vim.filetype.detect')
100.797  000.208  000.208: require('editorconfig')
101.408  000.463  000.463: sourcing /home/harris/.local/share/nvim/site/pack/packer/start/undotree/autoload/undotree.vim
101.620  000.111  000.111: require('luasnip.loaders.from_lua')
101.755  000.122  000.122: require('luasnip.loaders.from_snipmate')
102.180  000.207  000.207: require('luasnip.util.jsonc')
102.185  000.383  000.176: require('luasnip.loaders.from_vscode')
102.284  003.172: opening buffers
103.225  000.941: BufEnter autocommands
103.229  000.004: editing files in windows
103.287  000.059: VimEnter autocommands
103.290  000.003: UIEnter autocommands
103.291  000.001: before starting main loop
103.649  000.358: first screen update
103.651  000.002: --- NVIM STARTED ---


times in msec
 clock   self+sourced   self:  sourced script
 clock   elapsed:              other lines

000.005  000.005: --- NVIM STARTING ---
000.093  000.089: event init
000.150  000.057: early init
000.177  000.027: locale set
000.203  000.026: init first window
000.391  000.189: inits 1
000.396  000.005: window checked
000.429  000.033: parsing arguments
000.732  000.034  000.034: require('vim.shared')
000.806  000.026  000.026: require('vim._options')
000.807  000.072  000.046: require('vim._editor')
000.808  000.136  000.030: require('vim._init_packages')
000.809  000.244: init lua interpreter
001.138  000.329: expanding arguments
001.172  000.034: inits 2
001.368  000.196: init highlight
